-------------------------------------------------------------------------------
Test set: com.example.obrestdatajpa.controller.LaptopControllerTest
-------------------------------------------------------------------------------
Tests run: 4, Failures: 1, Errors: 0, Skipped: 0, Time elapsed: 6.914 s <<< FAILURE! - in com.example.obrestdatajpa.controller.LaptopControllerTest
findAll  Time elapsed: 0.147 s  <<< FAILURE!
org.opentest4j.AssertionFailedError: expected: <200 OK> but was: <401 UNAUTHORIZED>
	at com.example.obrestdatajpa.controller.LaptopControllerTest.findAll(LaptopControllerTest.java:43)

